{"time":"2025-03-06T20:42:50.4785158+05:30","level":"INFO","msg":"Starting pprof server on :6060","file info":{"file":"C:/Users/Mahir/Documents/stock app/sse-backend/backend/main.go","line":25}}
{"time":"2025-03-06T20:42:50.5538192+05:30","level":"INFO","msg":"Redis connection established","file info":{"file":"C:/Users/Mahir/Documents/stock app/sse-backend/backend/main.go","line":25}}
{"time":"2025-03-06T20:43:07.5474855+05:30","level":"INFO","msg":"Error =  <nil>","file info":{"file":"C:/Users/Mahir/Documents/stock app/sse-backend/backend/main.go","line":25}}
{"time":"2025-03-06T20:43:07.5479956+05:30","level":"INFO","msg":"Latest Price =  337.89","file info":{"file":"C:/Users/Mahir/Documents/stock app/sse-backend/backend/main.go","line":25}}
{"time":"2025-03-06T20:43:07.5479956+05:30","level":"INFO","msg":"current time =  06-03-2025 20:43:07","file info":{"file":"C:/Users/Mahir/Documents/stock app/sse-backend/backend/main.go","line":25}}
{"time":"2025-03-06T20:43:42.3313822+05:30","level":"INFO","msg":"Error =  <nil>","file info":{"file":"C:/Users/Mahir/Documents/stock app/sse-backend/backend/main.go","line":25}}
{"time":"2025-03-06T20:43:42.3313822+05:30","level":"INFO","msg":"Latest Price =  337.89","file info":{"file":"C:/Users/Mahir/Documents/stock app/sse-backend/backend/main.go","line":25}}
{"time":"2025-03-06T20:43:42.3313822+05:30","level":"INFO","msg":"current time =  06-03-2025 20:43:42","file info":{"file":"C:/Users/Mahir/Documents/stock app/sse-backend/backend/main.go","line":25}}
{"time":"2025-03-06T20:46:15.0157859+05:30","level":"INFO","msg":"Error =  <nil>","file info":{"file":"C:/Users/Mahir/Documents/stock app/sse-backend/backend/main.go","line":25}}
{"time":"2025-03-06T20:46:15.0157859+05:30","level":"INFO","msg":"Latest Price =  337.89","file info":{"file":"C:/Users/Mahir/Documents/stock app/sse-backend/backend/main.go","line":25}}
{"time":"2025-03-06T20:46:15.0157859+05:30","level":"INFO","msg":"current time =  06-03-2025 20:46:15","file info":{"file":"C:/Users/Mahir/Documents/stock app/sse-backend/backend/main.go","line":25}}
{"time":"2025-03-06T20:47:52.2386563+05:30","level":"INFO","msg":"Error =  no stock data found or stock ticker invalid","file info":{"file":"C:/Users/Mahir/Documents/stock app/sse-backend/backend/main.go","line":25}}
{"time":"2025-03-06T20:47:52.2386563+05:30","level":"INFO","msg":"Latest Price =  0","file info":{"file":"C:/Users/Mahir/Documents/stock app/sse-backend/backend/main.go","line":25}}
{"time":"2025-03-06T20:47:52.2386563+05:30","level":"INFO","msg":"current time =  ","file info":{"file":"C:/Users/Mahir/Documents/stock app/sse-backend/backend/main.go","line":25}}
{"time":"2025-03-06T20:47:52.7723794+05:30","level":"INFO","msg":"Error =  no stock data found or stock ticker invalid","file info":{"file":"C:/Users/Mahir/Documents/stock app/sse-backend/backend/main.go","line":25}}
{"time":"2025-03-06T20:47:52.7723794+05:30","level":"INFO","msg":"Latest Price =  0","file info":{"file":"C:/Users/Mahir/Documents/stock app/sse-backend/backend/main.go","line":25}}
{"time":"2025-03-06T20:47:52.7723794+05:30","level":"INFO","msg":"current time =  ","file info":{"file":"C:/Users/Mahir/Documents/stock app/sse-backend/backend/main.go","line":25}}
{"time":"2025-03-06T20:47:54.1263156+05:30","level":"INFO","msg":"Error =  no stock data found or stock ticker invalid","file info":{"file":"C:/Users/Mahir/Documents/stock app/sse-backend/backend/main.go","line":25}}
{"time":"2025-03-06T20:47:54.1263156+05:30","level":"INFO","msg":"Latest Price =  0","file info":{"file":"C:/Users/Mahir/Documents/stock app/sse-backend/backend/main.go","line":25}}
{"time":"2025-03-06T20:47:54.1263156+05:30","level":"INFO","msg":"current time =  ","file info":{"file":"C:/Users/Mahir/Documents/stock app/sse-backend/backend/main.go","line":25}}
{"time":"2025-03-06T20:47:55.2073226+05:30","level":"INFO","msg":"Error =  <nil>","file info":{"file":"C:/Users/Mahir/Documents/stock app/sse-backend/backend/main.go","line":25}}
{"time":"2025-03-06T20:47:55.2073226+05:30","level":"INFO","msg":"Latest Price =  246.27","file info":{"file":"C:/Users/Mahir/Documents/stock app/sse-backend/backend/main.go","line":25}}
{"time":"2025-03-06T20:47:55.2073226+05:30","level":"INFO","msg":"current time =  06-03-2025 20:47:55","file info":{"file":"C:/Users/Mahir/Documents/stock app/sse-backend/backend/main.go","line":25}}
{"time":"2025-03-06T20:48:00.0746899+05:30","level":"INFO","msg":"Error =  no stock data found or stock ticker invalid","file info":{"file":"C:/Users/Mahir/Documents/stock app/sse-backend/backend/main.go","line":25}}
{"time":"2025-03-06T20:48:00.075223+05:30","level":"INFO","msg":"Latest Price =  0","file info":{"file":"C:/Users/Mahir/Documents/stock app/sse-backend/backend/main.go","line":25}}
{"time":"2025-03-06T20:48:00.075223+05:30","level":"INFO","msg":"current time =  ","file info":{"file":"C:/Users/Mahir/Documents/stock app/sse-backend/backend/main.go","line":25}}
{"time":"2025-03-06T20:48:05.0850426+05:30","level":"INFO","msg":"Error =  no stock data found or stock ticker invalid","file info":{"file":"C:/Users/Mahir/Documents/stock app/sse-backend/backend/main.go","line":25}}
{"time":"2025-03-06T20:48:05.0856002+05:30","level":"INFO","msg":"Latest Price =  0","file info":{"file":"C:/Users/Mahir/Documents/stock app/sse-backend/backend/main.go","line":25}}
{"time":"2025-03-06T20:48:05.0856002+05:30","level":"INFO","msg":"current time =  ","file info":{"file":"C:/Users/Mahir/Documents/stock app/sse-backend/backend/main.go","line":25}}
{"time":"2025-03-06T20:48:06.5985416+05:30","level":"INFO","msg":"Error =  <nil>","file info":{"file":"C:/Users/Mahir/Documents/stock app/sse-backend/backend/main.go","line":25}}
{"time":"2025-03-06T20:48:06.5987242+05:30","level":"INFO","msg":"Latest Price =  337.89","file info":{"file":"C:/Users/Mahir/Documents/stock app/sse-backend/backend/main.go","line":25}}
{"time":"2025-03-06T20:48:06.5987242+05:30","level":"INFO","msg":"current time =  06-03-2025 20:48:06","file info":{"file":"C:/Users/Mahir/Documents/stock app/sse-backend/backend/main.go","line":25}}
{"time":"2025-03-06T20:49:09.8180526+05:30","level":"INFO","msg":"Error =  <nil>","file info":{"file":"C:/Users/Mahir/Documents/stock app/sse-backend/backend/main.go","line":25}}
{"time":"2025-03-06T20:49:09.8180526+05:30","level":"INFO","msg":"Latest Price =  337.89","file info":{"file":"C:/Users/Mahir/Documents/stock app/sse-backend/backend/main.go","line":25}}
{"time":"2025-03-06T20:49:09.8180526+05:30","level":"INFO","msg":"current time =  06-03-2025 20:49:09","file info":{"file":"C:/Users/Mahir/Documents/stock app/sse-backend/backend/main.go","line":25}}
